

> webserver@0.1.0 build /Users/jelly/WebstormProjects/chocoya-coffee/app/webserver
> prisma generate && next build

[2mPrisma schema loaded from prisma/schema.prisma[22m


✔ Generated [1mPrisma Client[22m (v6.5.0)[2m to ./../../node_modules/@prisma/client[22m in 205ms

Start by importing your Prisma Client (See: https://pris.ly/d/importing-client)

Tip: Interested in query caching in just a few lines of code? Try Accelerate today! https://pris.ly/tip-3-accelerate

   [1m[38;2;173;127;168m▲ Next.js 15.2.2[39m[22m

 [37m[1m [22m[39m Creating an optimized production build ...
 [32m[1m✓[22m[39m Compiled successfully
[?25l [37m[1m [22m[39m Linting and checking validity of types  [36m.[39m[2K[1G [37m[1m [22m[39m Linting and checking validity of types  [36m..[39m[2K[1G [37m[1m [22m[39m Linting and checking validity of types  [36m...[39m[2K[1G [37m[1m [22m[39m Linting and checking validity of types  [36m.[39m[2K[1G [37m[1m [22m[39m Linting and checking validity of types  [36m..[39m[2K[1G [37m[1m [22m[39m Linting and checking validity of types  [36m...[39m[2K[1G [37m[1m [22m[39m Linting and checking validity of types  [36m.[39m[2K[1G [37m[1m [22m[39m Linting and checking validity of types  [36m..[39m[2K[1G [37m[1m [22m[39m Linting and checking validity of types  [36m...[39m[2K[1G [37m[1m [22m[39m Linting and checking validity of types  [36m.[39m[2K[1G [37m[1m [22m[39m Linting and checking validity of types  [36m..[39m[2K[1G [37m[1m [22m[39m Linting and checking validity of types  [36m...[39m[2K[1G [37m[1m [22m[39m Linting and checking validity of types  [36m.[39m[2K[1G [37m[1m [22m[39m Linting and checking validity of types  [36m..[39m[2K[1G [37m[1m [22m[39m Linting and checking validity of types  [36m...[39m[2K[1G [37m[1m [22m[39m Linting and checking validity of types  [36m.[39m[2K[1G [37m[1m [22m[39m Linting and checking validity of types  [36m..[39m[2K[1G [37m[1m [22m[39m Linting and checking validity of types  [36m...[39m[2K[1G [37m[1m [22m[39m Linting and checking validity of types  [36m.[39m[2K[1G [37m[1m [22m[39m Linting and checking validity of types  [36m..[39m[2K[1G [37m[1m [22m[39m Linting and checking validity of types  [36m...[39m[2K[1G [37m[1m [22m[39m Linting and checking validity of types  [36m.[39m[2K[1G [37m[1m [22m[39m Linting and checking validity of types  [36m..[39m[2K[1G [37m[1m [22m[39m Linting and checking validity of types  [36m...[39m[2K[1G [37m[1m [22m[39m Linting and checking validity of types  [36m.[39m[2K[1G [37m[1m [22m[39m Linting and checking validity of types  [36m..[39m[2K[1G [37m[1m [22m[39m Linting and checking validity of types  [36m...[39m[2K[1G [37m[1m [22m[39m Linting and checking validity of types  [36m.[39m[2K[1G [37m[1m [22m[39m Linting and checking validity of types  [36m..[39m[2K[1G [37m[1m [22m[39m Linting and checking validity of types  [36m...[39m[2K[1G [37m[1m [22m[39m Linting and checking validity of types  [36m.[39m[2K[1G [37m[1m [22m[39m Linting and checking validity of types  [36m..[39mFailed to compile.

./src/app/api/auth/password/route.ts:17:44
Type error: Property 'get' does not exist on type 'Promise<ReadonlyRequestCookies>'.

[0m [90m 15 |[39m                 cookies[33m:[39m {[0m
[0m [90m 16 |[39m                     [36mget[39m(name[33m:[39m string) {[0m
[0m[31m[1m>[22m[39m[90m 17 |[39m                         [36mreturn[39m cookieStore[33m.[39m[36mget[39m(name)[33m?[39m[33m.[39mvalue[33m;[39m[0m
[0m [90m    |[39m                                            [31m[1m^[22m[39m[0m
[0m [90m 18 |[39m                     }[33m,[39m[0m
[0m [90m 19 |[39m                     [36mset[39m() {}[33m,[39m[0m
[0m [90m 20 |[39m                     remove() {}[33m,[39m[0m
[2K[1G[?25hNext.js build worker exited with code: 1 and signal: null
[?25l [36m.[39m [?25h[41m[30m ELIFECYCLE [39m[49m [31mCommand failed with exit code 1.[39m
